warning: ignoring unsupported tag 'PAGE_OUTLINE_PANEL' at line 1708, file /tmp/doxyfile.hpxX3i
warning: Tag 'DOT_FONTNAME' at line 2707 of file '/tmp/doxyfile.hpxX3i' has become obsolete.
         To avoid this warning please remove this line from your configuration file or upgrade it using "doxygen -u"
warning: Tag 'DOT_FONTSIZE' at line 2708 of file '/tmp/doxyfile.hpxX3i' has become obsolete.
         To avoid this warning please remove this line from your configuration file or upgrade it using "doxygen -u"
warning: Tag 'DOT_TRANSPARENT' at line 2711 of file '/tmp/doxyfile.hpxX3i' has become obsolete.
         To avoid this warning please remove this line from your configuration file or upgrade it using "doxygen -u"
warning: tag INCLUDE_PATH: include path 'inc/mcu/esp32/' does not exist
warning: tag INCLUDE_PATH: include path 'inc/utils/' does not exist
warning: tag INPUT: input source 'include/' does not exist
warning: source 'inc/mcu/esp32/' is not a readable file or directory... skipping.
warning: source 'inc/utils/' is not a readable file or directory... skipping.
warning: source 'include' is not a readable file or directory... skipping.
/home/runner/work/hf-tle92466ed-driver/hf-tle92466ed-driver/src/TLE92466ED.cpp:19: warning: no matching class member found for 
  DriverResult< void > TLE92466ED::Driver::Init()
Possible candidates:
  'auto Esp32TleCommInterface::Init() noexcept -> CommResult< void > override' at line 75 of file /home/runner/work/hf-tle92466ed-driver/hf-tle92466ed-driver/examples/esp32/main/Esp32TleCommInterface.hpp
/home/runner/work/hf-tle92466ed-driver/hf-tle92466ed-driver/src/TLE92466ED.cpp:104: warning: documented symbol 'DriverResult< void > TLE92466ED::Driver::applyDefaultConfig' was not declared or defined.
/home/runner/work/hf-tle92466ed-driver/hf-tle92466ed-driver/src/TLE92466ED.cpp:171: warning: documented symbol 'DriverResult< void > TLE92466ED::Driver::EnterMissionMode' was not declared or defined.
/home/runner/work/hf-tle92466ed-driver/hf-tle92466ed-driver/src/TLE92466ED.cpp:190: warning: documented symbol 'DriverResult< void > TLE92466ED::Driver::EnterConfigMode' was not declared or defined.
/home/runner/work/hf-tle92466ed-driver/hf-tle92466ed-driver/src/TLE92466ED.cpp:213: warning: documented symbol 'DriverResult< void > TLE92466ED::Driver::ConfigureGlobal' was not declared or defined.
/home/runner/work/hf-tle92466ed-driver/hf-tle92466ed-driver/src/TLE92466ED.cpp:286: warning: documented symbol 'DriverResult< void > TLE92466ED::Driver::SetCrcEnabled' was not declared or defined.
/home/runner/work/hf-tle92466ed-driver/hf-tle92466ed-driver/src/TLE92466ED.cpp:306: warning: documented symbol 'DriverResult< void > TLE92466ED::Driver::SetVbatThresholds' was not declared or defined.
/home/runner/work/hf-tle92466ed-driver/hf-tle92466ed-driver/src/TLE92466ED.cpp:317: warning: documented symbol 'DriverResult< void > TLE92466ED::Driver::setVbatThresholdsInternal' was not declared or defined.
/home/runner/work/hf-tle92466ed-driver/hf-tle92466ed-driver/src/TLE92466ED.cpp:353: warning: documented symbol 'DriverResult< void > TLE92466ED::Driver::SetVbatThresholdsRaw' was not declared or defined.
/home/runner/work/hf-tle92466ed-driver/hf-tle92466ed-driver/src/TLE92466ED.cpp:373: warning: documented symbol 'DriverResult< void > TLE92466ED::Driver::EnableChannel' was not declared or defined.
/home/runner/work/hf-tle92466ed-driver/hf-tle92466ed-driver/src/TLE92466ED.cpp:411: warning: documented symbol 'DriverResult< void > TLE92466ED::Driver::EnableChannels' was not declared or defined.
/home/runner/work/hf-tle92466ed-driver/hf-tle92466ed-driver/src/TLE92466ED.cpp:446: warning: documented symbol 'DriverResult< void > TLE92466ED::Driver::EnableAllChannels' was not declared or defined.
/home/runner/work/hf-tle92466ed-driver/hf-tle92466ed-driver/src/TLE92466ED.cpp:451: warning: documented symbol 'DriverResult< void > TLE92466ED::Driver::DisableAllChannels' was not declared or defined.
/home/runner/work/hf-tle92466ed-driver/hf-tle92466ed-driver/src/TLE92466ED.cpp:456: warning: documented symbol 'DriverResult< void > TLE92466ED::Driver::SetChannelMode' was not declared or defined.
/home/runner/work/hf-tle92466ed-driver/hf-tle92466ed-driver/src/TLE92466ED.cpp:478: warning: documented symbol 'DriverResult< void > TLE92466ED::Driver::SetParallelOperation' was not declared or defined.
/home/runner/work/hf-tle92466ed-driver/hf-tle92466ed-driver/src/TLE92466ED.cpp:523: warning: documented symbol 'DriverResult< void > TLE92466ED::Driver::SetCurrentSetpoint' was not declared or defined.
/home/runner/work/hf-tle92466ed-driver/hf-tle92466ed-driver/src/TLE92466ED.cpp:558: warning: documented symbol 'DriverResult< uint16_t > TLE92466ED::Driver::GetCurrentSetpoint' was not declared or defined.
/home/runner/work/hf-tle92466ed-driver/hf-tle92466ed-driver/src/TLE92466ED.cpp:582: warning: documented symbol 'DriverResult< void > TLE92466ED::Driver::ConfigurePwmPeriod' was not declared or defined.
/home/runner/work/hf-tle92466ed-driver/hf-tle92466ed-driver/src/TLE92466ED.cpp:617: warning: documented symbol 'DriverResult< void > TLE92466ED::Driver::ConfigurePwmPeriodRaw' was not declared or defined.
/home/runner/work/hf-tle92466ed-driver/hf-tle92466ed-driver/src/TLE92466ED.cpp:644: warning: documented symbol 'DriverResult< void > TLE92466ED::Driver::ConfigureDither' was not declared or defined.
/home/runner/work/hf-tle92466ed-driver/hf-tle92466ed-driver/src/TLE92466ED.cpp:681: warning: documented symbol 'DriverResult< void > TLE92466ED::Driver::ConfigureDitherRaw' was not declared or defined.
/home/runner/work/hf-tle92466ed-driver/hf-tle92466ed-driver/src/TLE92466ED.cpp:713: warning: documented symbol 'DriverResult< void > TLE92466ED::Driver::ConfigureChannel' was not declared or defined.
/home/runner/work/hf-tle92466ed-driver/hf-tle92466ed-driver/src/TLE92466ED.cpp:810: warning: documented symbol 'DriverResult< DeviceStatus > TLE92466ED::Driver::GetDeviceStatus' was not declared or defined.
/home/runner/work/hf-tle92466ed-driver/hf-tle92466ed-driver/src/TLE92466ED.cpp:871: warning: documented symbol 'DriverResult< ChannelDiagnostics > TLE92466ED::Driver::GetChannelDiagnostics' was not declared or defined.
/home/runner/work/hf-tle92466ed-driver/hf-tle92466ed-driver/src/TLE92466ED.cpp:934: warning: documented symbol 'DriverResult< uint16_t > TLE92466ED::Driver::GetAverageCurrent' was not declared or defined.
/home/runner/work/hf-tle92466ed-driver/hf-tle92466ed-driver/src/TLE92466ED.cpp:955: warning: documented symbol 'DriverResult< uint16_t > TLE92466ED::Driver::GetDutyCycle' was not declared or defined.
/home/runner/work/hf-tle92466ed-driver/hf-tle92466ed-driver/src/TLE92466ED.cpp:968: warning: documented symbol 'DriverResult< uint16_t > TLE92466ED::Driver::GetVbatVoltage' was not declared or defined.
/home/runner/work/hf-tle92466ed-driver/hf-tle92466ed-driver/src/TLE92466ED.cpp:984: warning: documented symbol 'DriverResult< uint16_t > TLE92466ED::Driver::GetVioVoltage' was not declared or defined.
/home/runner/work/hf-tle92466ed-driver/hf-tle92466ed-driver/src/TLE92466ED.cpp:1000: warning: documented symbol 'DriverResult< uint16_t > TLE92466ED::Driver::GetVddVoltage' was not declared or defined.
/home/runner/work/hf-tle92466ed-driver/hf-tle92466ed-driver/src/TLE92466ED.cpp:1016: warning: documented symbol 'DriverResult< void > TLE92466ED::Driver::GetVbatThresholds' was not declared or defined.
/home/runner/work/hf-tle92466ed-driver/hf-tle92466ed-driver/src/TLE92466ED.cpp:1042: warning: documented symbol 'DriverResult< void > TLE92466ED::Driver::ClearFaults' was not declared or defined.
/home/runner/work/hf-tle92466ed-driver/hf-tle92466ed-driver/src/TLE92466ED.cpp:1051: warning: documented symbol 'DriverResult< void > TLE92466ED::Driver::clearFaultsInternal' was not declared or defined.
/home/runner/work/hf-tle92466ed-driver/hf-tle92466ed-driver/src/TLE92466ED.cpp:1074: warning: documented symbol 'DriverResult< bool > TLE92466ED::Driver::HasAnyFault' was not declared or defined.
/home/runner/work/hf-tle92466ed-driver/hf-tle92466ed-driver/src/TLE92466ED.cpp:1083: warning: documented symbol 'DriverResult< FaultReport > TLE92466ED::Driver::GetAllFaults' was not declared or defined.
/home/runner/work/hf-tle92466ed-driver/hf-tle92466ed-driver/src/TLE92466ED.cpp:1247: warning: documented symbol 'DriverResult< void > TLE92466ED::Driver::PrintAllFaults' was not declared or defined.
/home/runner/work/hf-tle92466ed-driver/hf-tle92466ed-driver/src/TLE92466ED.cpp:1502: warning: documented symbol 'DriverResult< void > TLE92466ED::Driver::SoftwareReset' was not declared or defined.
/home/runner/work/hf-tle92466ed-driver/hf-tle92466ed-driver/src/TLE92466ED.cpp:1529: warning: documented symbol 'DriverResult< void > TLE92466ED::Driver::ReloadSpiWatchdog' was not declared or defined.
/home/runner/work/hf-tle92466ed-driver/hf-tle92466ed-driver/src/TLE92466ED.cpp:1549: warning: documented symbol 'DriverResult< uint16_t > TLE92466ED::Driver::GetIcVersion' was not declared or defined.
/home/runner/work/hf-tle92466ed-driver/hf-tle92466ed-driver/src/TLE92466ED.cpp:1557: warning: documented symbol 'DriverResult< std::array< uint16_t, 3 > > TLE92466ED::Driver::GetChipId' was not declared or defined.
/home/runner/work/hf-tle92466ed-driver/hf-tle92466ed-driver/src/TLE92466ED.cpp:1585: warning: documented symbol 'DriverResult< bool > TLE92466ED::Driver::VerifyDevice' was not declared or defined.
/home/runner/work/hf-tle92466ed-driver/hf-tle92466ed-driver/src/TLE92466ED.cpp:1629: warning: documented symbol 'DriverResult< uint32_t > TLE92466ED::Driver::ReadRegister' was not declared or defined.
/home/runner/work/hf-tle92466ed-driver/hf-tle92466ed-driver/src/TLE92466ED.cpp:1659: warning: documented symbol 'DriverResult< void > TLE92466ED::Driver::WriteRegister' was not declared or defined.
/home/runner/work/hf-tle92466ed-driver/hf-tle92466ed-driver/src/TLE92466ED.cpp:1755: warning: documented symbol 'DriverResult< void > TLE92466ED::Driver::ModifyRegister' was not declared or defined.
/home/runner/work/hf-tle92466ed-driver/hf-tle92466ed-driver/src/TLE92466ED.cpp:1775: warning: documented symbol 'DriverResult< SPIFrame > TLE92466ED::Driver::transferFrame' was not declared or defined.
/home/runner/work/hf-tle92466ed-driver/hf-tle92466ed-driver/src/TLE92466ED.cpp:1811: warning: documented symbol 'DriverResult< void > TLE92466ED::Driver::checkSpiStatus' was not declared or defined.
/home/runner/work/hf-tle92466ed-driver/hf-tle92466ed-driver/src/TLE92466ED.cpp:1844: warning: documented symbol 'DriverResult< bool > TLE92466ED::Driver::isChannelParallel' was not declared or defined.
/home/runner/work/hf-tle92466ed-driver/hf-tle92466ed-driver/src/TLE92466ED.cpp:1882: warning: documented symbol 'DriverResult< void > TLE92466ED::Driver::SetReset' was not declared or defined.
/home/runner/work/hf-tle92466ed-driver/hf-tle92466ed-driver/src/TLE92466ED.cpp:1897: warning: documented symbol 'DriverResult< void > TLE92466ED::Driver::SetEnable' was not declared or defined.
/home/runner/work/hf-tle92466ed-driver/hf-tle92466ed-driver/src/TLE92466ED.cpp:1912: warning: documented symbol 'DriverResult< bool > TLE92466ED::Driver::IsFault' was not declared or defined.
/home/runner/work/hf-tle92466ed-driver/hf-tle92466ed-driver/src/TLE92466ED.cpp:1941: warning: documented symbol 'void TLE92466ED::Driver::diagnoseClockConfiguration' was not declared or defined.
/home/runner/work/hf-tle92466ed-driver/hf-tle92466ed-driver/examples/esp32/main/TestFramework.h:383: warning: The following parameter of print_test_section_footer(const char *tag, const char *section_name, bool enabled=true) is not documented:
  parameter 'tag'
/home/runner/work/hf-tle92466ed-driver/hf-tle92466ed-driver/examples/esp32/main/TestFramework.h:357: warning: The following parameter of print_test_section_header(const char *tag, const char *section_name, bool enabled=true) is not documented:
  parameter 'tag'
/home/runner/work/hf-tle92466ed-driver/hf-tle92466ed-driver/examples/esp32/main/TestFramework.h:341: warning: argument 'test_results' of command @param is not found in the argument list of print_test_section_status(const char *tag, const char *test_suite_name)
/home/runner/work/hf-tle92466ed-driver/hf-tle92466ed-driver/examples/esp32/main/TestFramework.h:341: warning: The following parameter of print_test_section_status(const char *tag, const char *test_suite_name) is not documented:
  parameter 'tag'
/home/runner/work/hf-tle92466ed-driver/hf-tle92466ed-driver/examples/esp32/main/TestFramework.h:321: warning: The following parameter of print_test_summary(const TestResults &test_results, const char *test_suite_name, const char *tag) is not documented:
  parameter 'tag'
index:1: warning: expected whitespace after \{ command
/home/runner/work/hf-tle92466ed-driver/hf-tle92466ed-driver/README.md:1: warning: expected whitespace after \{ command
/home/runner/work/hf-tle92466ed-driver/hf-tle92466ed-driver/README.md:29: warning: unable to resolve reference to '-overview' for \ref command
/home/runner/work/hf-tle92466ed-driver/hf-tle92466ed-driver/README.md:30: warning: unable to resolve reference to '-architecture' for \ref command
/home/runner/work/hf-tle92466ed-driver/hf-tle92466ed-driver/README.md:31: warning: unable to resolve reference to '-features' for \ref command
/home/runner/work/hf-tle92466ed-driver/hf-tle92466ed-driver/README.md:32: warning: unable to resolve reference to '-quick-start' for \ref command
/home/runner/work/hf-tle92466ed-driver/hf-tle92466ed-driver/README.md:33: warning: unable to resolve reference to '-api-documentation' for \ref command
/home/runner/work/hf-tle92466ed-driver/hf-tle92466ed-driver/README.md:34: warning: unable to resolve reference to '-building' for \ref command
/home/runner/work/hf-tle92466ed-driver/hf-tle92466ed-driver/README.md:35: warning: unable to resolve reference to '-examples' for \ref command
/home/runner/work/hf-tle92466ed-driver/hf-tle92466ed-driver/README.md:36: warning: unable to resolve reference to '-contributing' for \ref command
/home/runner/work/hf-tle92466ed-driver/hf-tle92466ed-driver/README.md:37: warning: unable to resolve reference to '-license' for \ref command
/home/runner/work/hf-tle92466ed-driver/hf-tle92466ed-driver/README.md:208: warning: unable to resolve reference to '/home/runner/work/hf-tle92466ed-driver/hf-tle92466ed-driver/docs/00_INDEX.md' for \ref command
/home/runner/work/hf-tle92466ed-driver/hf-tle92466ed-driver/README.md:209: warning: unable to resolve reference to '/home/runner/work/hf-tle92466ed-driver/hf-tle92466ed-driver/docs/01_IC_Overview.md' for \ref command
/home/runner/work/hf-tle92466ed-driver/hf-tle92466ed-driver/README.md:334: warning: unable to resolve reference to '/home/runner/work/hf-tle92466ed-driver/hf-tle92466ed-driver/docs/00_INDEX.md' for \ref command
/home/runner/work/hf-tle92466ed-driver/hf-tle92466ed-driver/README.md:336: warning: unable to resolve reference to '/home/runner/work/hf-tle92466ed-driver/hf-tle92466ed-driver/docs/01_IC_Overview.md' for \ref command
/home/runner/work/hf-tle92466ed-driver/hf-tle92466ed-driver/README.md:337: warning: unable to resolve reference to '/home/runner/work/hf-tle92466ed-driver/hf-tle92466ed-driver/docs/02_SPI_Protocol.md' for \ref command
/home/runner/work/hf-tle92466ed-driver/hf-tle92466ed-driver/README.md:338: warning: unable to resolve reference to '/home/runner/work/hf-tle92466ed-driver/hf-tle92466ed-driver/docs/07_Driver_API.md' for \ref command
/home/runner/work/hf-tle92466ed-driver/hf-tle92466ed-driver/README.md:339: warning: unable to resolve reference to '/home/runner/work/hf-tle92466ed-driver/hf-tle92466ed-driver/docs/08_HAL_Implementation.md' for \ref command
/home/runner/work/hf-tle92466ed-driver/hf-tle92466ed-driver/README.md:341: warning: unable to resolve reference to '/home/runner/work/hf-tle92466ed-driver/hf-tle92466ed-driver/docs/09_Usage_Examples.md' for \ref command
/home/runner/work/hf-tle92466ed-driver/hf-tle92466ed-driver/README.md:345: warning: unable to resolve reference to '/home/runner/work/hf-tle92466ed-driver/hf-tle92466ed-driver/examples/esp32/docs/README.md' for \ref command
/home/runner/work/hf-tle92466ed-driver/hf-tle92466ed-driver/README.md:352: warning: unable to resolve reference to 'CONTRIBUTING.md' for \ref command
/home/runner/work/hf-tle92466ed-driver/hf-tle92466ed-driver/examples/esp32/main/TestFramework.h:321: warning: The following parameter of print_test_summary(const TestResults &test_results, const char *test_suite_name, const char *tag) is not documented:
  parameter 'tag'
/home/runner/work/hf-tle92466ed-driver/hf-tle92466ed-driver/examples/esp32/main/TestFramework.h:341: warning: argument 'test_results' of command @param is not found in the argument list of print_test_section_status(const char *tag, const char *test_suite_name)
/home/runner/work/hf-tle92466ed-driver/hf-tle92466ed-driver/examples/esp32/main/TestFramework.h:341: warning: The following parameter of print_test_section_status(const char *tag, const char *test_suite_name) is not documented:
  parameter 'tag'
/home/runner/work/hf-tle92466ed-driver/hf-tle92466ed-driver/examples/esp32/main/TestFramework.h:357: warning: The following parameter of print_test_section_header(const char *tag, const char *section_name, bool enabled=true) is not documented:
  parameter 'tag'
/home/runner/work/hf-tle92466ed-driver/hf-tle92466ed-driver/examples/esp32/main/TestFramework.h:383: warning: The following parameter of print_test_section_footer(const char *tag, const char *section_name, bool enabled=true) is not documented:
  parameter 'tag'
/home/runner/work/hf-tle92466ed-driver/hf-tle92466ed-driver/README.md:1: warning: expected whitespace after \{ command
/home/runner/work/hf-tle92466ed-driver/hf-tle92466ed-driver/README.md:208: warning: unable to resolve reference to '/home/runner/work/hf-tle92466ed-driver/hf-tle92466ed-driver/docs/00_INDEX.md' for \ref command
/home/runner/work/hf-tle92466ed-driver/hf-tle92466ed-driver/README.md:209: warning: unable to resolve reference to '/home/runner/work/hf-tle92466ed-driver/hf-tle92466ed-driver/docs/01_IC_Overview.md' for \ref command
/home/runner/work/hf-tle92466ed-driver/hf-tle92466ed-driver/README.md:334: warning: unable to resolve reference to '/home/runner/work/hf-tle92466ed-driver/hf-tle92466ed-driver/docs/00_INDEX.md' for \ref command
/home/runner/work/hf-tle92466ed-driver/hf-tle92466ed-driver/README.md:336: warning: unable to resolve reference to '/home/runner/work/hf-tle92466ed-driver/hf-tle92466ed-driver/docs/01_IC_Overview.md' for \ref command
/home/runner/work/hf-tle92466ed-driver/hf-tle92466ed-driver/README.md:337: warning: unable to resolve reference to '/home/runner/work/hf-tle92466ed-driver/hf-tle92466ed-driver/docs/02_SPI_Protocol.md' for \ref command
/home/runner/work/hf-tle92466ed-driver/hf-tle92466ed-driver/README.md:338: warning: unable to resolve reference to '/home/runner/work/hf-tle92466ed-driver/hf-tle92466ed-driver/docs/07_Driver_API.md' for \ref command
/home/runner/work/hf-tle92466ed-driver/hf-tle92466ed-driver/README.md:339: warning: unable to resolve reference to '/home/runner/work/hf-tle92466ed-driver/hf-tle92466ed-driver/docs/08_HAL_Implementation.md' for \ref command
/home/runner/work/hf-tle92466ed-driver/hf-tle92466ed-driver/README.md:341: warning: unable to resolve reference to '/home/runner/work/hf-tle92466ed-driver/hf-tle92466ed-driver/docs/09_Usage_Examples.md' for \ref command
/home/runner/work/hf-tle92466ed-driver/hf-tle92466ed-driver/README.md:345: warning: unable to resolve reference to '/home/runner/work/hf-tle92466ed-driver/hf-tle92466ed-driver/examples/esp32/docs/README.md' for \ref command
/home/runner/work/hf-tle92466ed-driver/hf-tle92466ed-driver/README.md:352: warning: unable to resolve reference to 'CONTRIBUTING.md' for \ref command
